<?xml version="1.0" encoding="UTF-8"?>
<testsuite xmlns:xsi="http://www.w3.org/2001/XMLSchema-instance" xsi:noNamespaceSchemaLocation="https://maven.apache.org/surefire/maven-surefire-plugin/xsd/surefire-test-report.xsd" version="3.0.2" name="AuthIntegrationTest" time="1.967" tests="2" errors="0" skipped="0" failures="0">
  <properties>
[...]
</properties>
  <testcase name="shouldReturnUnauthorizedWithValidToken" classname="AuthIntegrationTest" time="1.564">
    <system-out><![CDATA[Generated Token: eyJhbGciOiJIUzI1NiJ9.eyJzdWIiOiJ0ZXN0dXNlckBleGFtcGxlLmNvbSIsInJvbGUiOiJBRE1JTiIsImlhdCI6MTc3NzE5NjM0NiwiZXhwIjoxNzc3MjMyMzQ2fQ.auFnm_R9XLCyG084B6NLnhOI3MTYWC77nibhlyR34hE
]]></system-out>
  </testcase>
  <testcase name="shouldReturnUOnInvalidLogin" classname="AuthIntegrationTest" time="0.041"/>
</testsuite>